This file contains any messages produced by compilers while
running configure, to aid debugging if configure makes a mistake.

It was created by Xenomai configure 2.4.2, which was
generated by GNU Autoconf 2.61.  Invocation command line was

  $ ./configure 

## --------- ##
## Platform. ##
## --------- ##

hostname = dc-laptop-ubuntu
uname -m = i686
uname -r = 2.6.28-15-generic
uname -s = Linux
uname -v = #49-Ubuntu SMP Tue Aug 18 18:40:08 UTC 2009

/usr/bin/uname -p = unknown
/bin/uname -X     = unknown

/bin/arch              = unknown
/usr/bin/arch -k       = unknown
/usr/convex/getsysinfo = unknown
/usr/bin/hostinfo      = unknown
/bin/machine           = unknown
/usr/bin/oslevel       = unknown
/bin/universe          = unknown

PATH: /usr/local/sbin
PATH: /usr/local/bin
PATH: /usr/sbin
PATH: /usr/bin
PATH: /sbin
PATH: /bin
PATH: /usr/games


## ----------- ##
## Core tests. ##
## ----------- ##

configure:2120: checking build system type
configure:2138: result: i686-pc-linux-gnu
configure:2160: checking host system type
configure:2175: result: i686-pc-linux-gnu
configure:2210: checking for a BSD-compatible install
configure:2266: result: /usr/bin/install -c
configure:2341: checking for gcc
configure:2357: found /usr/bin/gcc
configure:2368: result: gcc
configure:2606: checking for C compiler version
configure:2613: gcc --version >&5
gcc (Ubuntu 4.3.3-5ubuntu4) 4.3.3
Copyright (C) 2008 Free Software Foundation, Inc.
This is free software; see the source for copying conditions.  There is NO
warranty; not even for MERCHANTABILITY or FITNESS FOR A PARTICULAR PURPOSE.

configure:2616: $? = 0
configure:2623: gcc -v >&5
Using built-in specs.
Target: i486-linux-gnu
Configured with: ../src/configure -v --with-pkgversion='Ubuntu 4.3.3-5ubuntu4' --with-bugurl=file:///usr/share/doc/gcc-4.3/README.Bugs --enable-languages=c,c++,fortran,objc,obj-c++ --prefix=/usr --enable-shared --with-system-zlib --libexecdir=/usr/lib --without-included-gettext --enable-threads=posix --enable-nls --with-gxx-include-dir=/usr/include/c++/4.3 --program-suffix=-4.3 --enable-clocale=gnu --enable-libstdcxx-debug --enable-objc-gc --enable-mpfr --enable-targets=all --with-tune=generic --enable-checking=release --build=i486-linux-gnu --host=i486-linux-gnu --target=i486-linux-gnu
Thread model: posix
gcc version 4.3.3 (Ubuntu 4.3.3-5ubuntu4) 
configure:2626: $? = 0
configure:2633: gcc -V >&5
gcc: '-V' option must have argument
configure:2636: $? = 1
configure:2659: checking for C compiler default output file name
configure:2686: gcc    conftest.c  >&5
configure:2689: $? = 0
configure:2727: result: a.out
configure:2744: checking whether the C compiler works
configure:2754: ./a.out
configure:2757: $? = 0
configure:2774: result: yes
configure:2781: checking whether we are cross compiling
configure:2783: result: no
configure:2786: checking for suffix of executables
configure:2793: gcc -o conftest    conftest.c  >&5
configure:2796: $? = 0
configure:2820: result: 
configure:2826: checking for suffix of object files
configure:2852: gcc -c   conftest.c >&5
configure:2855: $? = 0
configure:2878: result: o
configure:2882: checking whether we are using the GNU C compiler
configure:2911: gcc -c   conftest.c >&5
configure:2917: $? = 0
configure:2934: result: yes
configure:2939: checking whether gcc accepts -g
configure:2969: gcc -c -g  conftest.c >&5
configure:2975: $? = 0
configure:3074: result: yes
configure:3091: checking for gcc option to accept ISO C89
configure:3165: gcc  -c -g -O2  conftest.c >&5
configure:3171: $? = 0
configure:3194: result: none needed
configure:3223: checking how to run the C preprocessor
configure:3263: gcc -E  conftest.c
configure:3269: $? = 0
configure:3300: gcc -E  conftest.c
conftest.c:8:28: error: ac_nonexistent.h: No such file or directory
configure:3306: $? = 1
configure: failed program was:
| /* confdefs.h.  */
| #define PACKAGE_NAME "Xenomai"
| #define PACKAGE_TARNAME "xenomai"
| #define PACKAGE_VERSION "2.4.2"
| #define PACKAGE_STRING "Xenomai 2.4.2"
| #define PACKAGE_BUGREPORT "xenomai-help@gna.org"
| /* end confdefs.h.  */
| #include <ac_nonexistent.h>
configure:3339: result: gcc -E
configure:3368: gcc -E  conftest.c
configure:3374: $? = 0
configure:3405: gcc -E  conftest.c
conftest.c:8:28: error: ac_nonexistent.h: No such file or directory
configure:3411: $? = 1
configure: failed program was:
| /* confdefs.h.  */
| #define PACKAGE_NAME "Xenomai"
| #define PACKAGE_TARNAME "xenomai"
| #define PACKAGE_VERSION "2.4.2"
| #define PACKAGE_STRING "Xenomai 2.4.2"
| #define PACKAGE_BUGREPORT "xenomai-help@gna.org"
| /* end confdefs.h.  */
| #include <ac_nonexistent.h>
configure:3449: checking target system type
configure:3464: result: i686-pc-linux-gnu
configure:3543: checking for gcc
configure:3559: found /usr/bin/gcc
configure:3570: result: gcc
configure:3808: checking for C compiler version
configure:3815: gcc --version >&5
gcc (Ubuntu 4.3.3-5ubuntu4) 4.3.3
Copyright (C) 2008 Free Software Foundation, Inc.
This is free software; see the source for copying conditions.  There is NO
warranty; not even for MERCHANTABILITY or FITNESS FOR A PARTICULAR PURPOSE.

configure:3818: $? = 0
configure:3825: gcc -v >&5
Using built-in specs.
Target: i486-linux-gnu
Configured with: ../src/configure -v --with-pkgversion='Ubuntu 4.3.3-5ubuntu4' --with-bugurl=file:///usr/share/doc/gcc-4.3/README.Bugs --enable-languages=c,c++,fortran,objc,obj-c++ --prefix=/usr --enable-shared --with-system-zlib --libexecdir=/usr/lib --without-included-gettext --enable-threads=posix --enable-nls --with-gxx-include-dir=/usr/include/c++/4.3 --program-suffix=-4.3 --enable-clocale=gnu --enable-libstdcxx-debug --enable-objc-gc --enable-mpfr --enable-targets=all --with-tune=generic --enable-checking=release --build=i486-linux-gnu --host=i486-linux-gnu --target=i486-linux-gnu
Thread model: posix
gcc version 4.3.3 (Ubuntu 4.3.3-5ubuntu4) 
configure:3828: $? = 0
configure:3835: gcc -V >&5
gcc: '-V' option must have argument
configure:3838: $? = 1
configure:3841: checking whether we are using the GNU C compiler
configure:3893: result: yes
configure:3898: checking whether gcc accepts -g
configure:3928: gcc -c -g  conftest.c >&5
configure:3934: $? = 0
configure: failed program was:
| /* confdefs.h.  */
| #define PACKAGE_NAME "Xenomai"
| #define PACKAGE_TARNAME "xenomai"
| #define PACKAGE_VERSION "2.4.2"
| #define PACKAGE_STRING "Xenomai 2.4.2"
| #define PACKAGE_BUGREPORT "xenomai-help@gna.org"
| /* end confdefs.h.  */
| 
| int
| main ()
| {
| 
|   ;
|   return 0;
| }
configure:3966: gcc -c   conftest.c >&5
configure:3972: $? = 0
configure: failed program was:
| /* confdefs.h.  */
| #define PACKAGE_NAME "Xenomai"
| #define PACKAGE_TARNAME "xenomai"
| #define PACKAGE_VERSION "2.4.2"
| #define PACKAGE_STRING "Xenomai 2.4.2"
| #define PACKAGE_BUGREPORT "xenomai-help@gna.org"
| /* end confdefs.h.  */
| 
| int
| main ()
| {
| 
|   ;
|   return 0;
| }
configure:4005: gcc -c -g  conftest.c >&5
configure:4011: $? = 0
configure: failed program was:
| /* confdefs.h.  */
| #define PACKAGE_NAME "Xenomai"
| #define PACKAGE_TARNAME "xenomai"
| #define PACKAGE_VERSION "2.4.2"
| #define PACKAGE_STRING "Xenomai 2.4.2"
| #define PACKAGE_BUGREPORT "xenomai-help@gna.org"
| /* end confdefs.h.  */
| 
| int
| main ()
| {
| 
|   ;
|   return 0;
| }
configure:4033: result: no
configure:4050: checking for gcc option to accept ISO C89
configure:4153: result: none needed
configure:4176: checking how to run the C preprocessor
configure:4216: gcc -E  conftest.c
configure:4222: $? = 0
configure:4253: gcc -E  conftest.c
conftest.c:8:28: error: ac_nonexistent.h: No such file or directory
configure:4259: $? = 1
configure: failed program was:
| /* confdefs.h.  */
| #define PACKAGE_NAME "Xenomai"
| #define PACKAGE_TARNAME "xenomai"
| #define PACKAGE_VERSION "2.4.2"
| #define PACKAGE_STRING "Xenomai 2.4.2"
| #define PACKAGE_BUGREPORT "xenomai-help@gna.org"
| /* end confdefs.h.  */
| #include <ac_nonexistent.h>
configure:4292: result: gcc -E
configure:4321: gcc -E  conftest.c
configure:4327: $? = 0
configure:4358: gcc -E  conftest.c
conftest.c:8:28: error: ac_nonexistent.h: No such file or directory
configure:4364: $? = 1
configure: failed program was:
| /* confdefs.h.  */
| #define PACKAGE_NAME "Xenomai"
| #define PACKAGE_TARNAME "xenomai"
| #define PACKAGE_VERSION "2.4.2"
| #define PACKAGE_STRING "Xenomai 2.4.2"
| #define PACKAGE_BUGREPORT "xenomai-help@gna.org"
| /* end confdefs.h.  */
| #include <ac_nonexistent.h>
configure:4428: checking whether build environment is sane
configure:4471: result: yes
configure:4499: checking for a thread-safe mkdir -p
configure:4538: result: /bin/mkdir -p
configure:4551: checking for gawk
configure:4581: result: no
configure:4551: checking for mawk
configure:4567: found /usr/bin/mawk
configure:4578: result: mawk
configure:4589: checking whether make sets $(MAKE)
configure:4610: result: yes
configure:4640: checking for style of include used by make
configure:4668: result: GNU
configure:4861: checking dependency style of gcc
configure:4952: result: gcc3
configure:4968: checking whether to enable maintainer-specific portions of Makefiles
configure:4977: result: no
configure:5062: checking for a sed that does not truncate output
configure:5118: result: /bin/sed
configure:5121: checking for grep that handles long lines and -e
configure:5195: result: /bin/grep
configure:5200: checking for egrep
configure:5278: result: /bin/grep -E
configure:5294: checking for ld used by gcc
configure:5361: result: /usr/bin/ld
configure:5370: checking if the linker (/usr/bin/ld) is GNU ld
configure:5385: result: yes
configure:5390: checking for /usr/bin/ld option to reload object files
configure:5397: result: -r
configure:5415: checking for BSD-compatible nm
configure:5464: result: /usr/bin/nm -B
configure:5468: checking whether ln -s works
configure:5472: result: yes
configure:5479: checking how to recognize dependent libraries
configure:5665: result: pass_all
configure:5901: checking for ANSI C header files
configure:5931: gcc -c   conftest.c >&5
configure:5937: $? = 0
configure:6036: gcc -o conftest    conftest.c  >&5
configure:6039: $? = 0
configure:6045: ./conftest
configure:6048: $? = 0
configure:6065: result: yes
configure:6089: checking for sys/types.h
configure:6110: gcc -c   conftest.c >&5
configure:6116: $? = 0
configure:6132: result: yes
configure:6089: checking for sys/stat.h
configure:6110: gcc -c   conftest.c >&5
configure:6116: $? = 0
configure:6132: result: yes
configure:6089: checking for stdlib.h
configure:6110: gcc -c   conftest.c >&5
configure:6116: $? = 0
configure:6132: result: yes
configure:6089: checking for string.h
configure:6110: gcc -c   conftest.c >&5
configure:6116: $? = 0
configure:6132: result: yes
configure:6089: checking for memory.h
configure:6110: gcc -c   conftest.c >&5
configure:6116: $? = 0
configure:6132: result: yes
configure:6089: checking for strings.h
configure:6110: gcc -c   conftest.c >&5
configure:6116: $? = 0
configure:6132: result: yes
configure:6089: checking for inttypes.h
configure:6110: gcc -c   conftest.c >&5
configure:6116: $? = 0
configure:6132: result: yes
configure:6089: checking for stdint.h
configure:6110: gcc -c   conftest.c >&5
configure:6116: $? = 0
configure:6132: result: yes
configure:6089: checking for unistd.h
configure:6110: gcc -c   conftest.c >&5
configure:6116: $? = 0
configure:6132: result: yes
configure:6159: checking dlfcn.h usability
configure:6176: gcc -c   conftest.c >&5
configure:6182: $? = 0
configure:6196: result: yes
configure:6200: checking dlfcn.h presence
configure:6215: gcc -E  conftest.c
configure:6221: $? = 0
configure:6235: result: yes
configure:6268: checking for dlfcn.h
configure:6276: result: yes
configure:6347: checking for g++
configure:6363: found /usr/bin/g++
configure:6374: result: g++
configure:6405: checking for C++ compiler version
configure:6412: g++ --version >&5
g++ (Ubuntu 4.3.3-5ubuntu4) 4.3.3
Copyright (C) 2008 Free Software Foundation, Inc.
This is free software; see the source for copying conditions.  There is NO
warranty; not even for MERCHANTABILITY or FITNESS FOR A PARTICULAR PURPOSE.

configure:6415: $? = 0
configure:6422: g++ -v >&5
Using built-in specs.
Target: i486-linux-gnu
Configured with: ../src/configure -v --with-pkgversion='Ubuntu 4.3.3-5ubuntu4' --with-bugurl=file:///usr/share/doc/gcc-4.3/README.Bugs --enable-languages=c,c++,fortran,objc,obj-c++ --prefix=/usr --enable-shared --with-system-zlib --libexecdir=/usr/lib --without-included-gettext --enable-threads=posix --enable-nls --with-gxx-include-dir=/usr/include/c++/4.3 --program-suffix=-4.3 --enable-clocale=gnu --enable-libstdcxx-debug --enable-objc-gc --enable-mpfr --enable-targets=all --with-tune=generic --enable-checking=release --build=i486-linux-gnu --host=i486-linux-gnu --target=i486-linux-gnu
Thread model: posix
gcc version 4.3.3 (Ubuntu 4.3.3-5ubuntu4) 
configure:6425: $? = 0
configure:6432: g++ -V >&5
g++: '-V' option must have argument
configure:6435: $? = 1
configure:6438: checking whether we are using the GNU C++ compiler
configure:6467: g++ -c   conftest.cpp >&5
configure:6473: $? = 0
configure:6490: result: yes
configure:6495: checking whether g++ accepts -g
configure:6525: g++ -c -g  conftest.cpp >&5
configure:6531: $? = 0
configure:6630: result: yes
configure:6655: checking dependency style of g++
configure:6746: result: gcc3
configure:6771: checking how to run the C++ preprocessor
configure:6807: g++ -E  conftest.cpp
configure:6813: $? = 0
configure:6844: g++ -E  conftest.cpp
conftest.cpp:24:28: error: ac_nonexistent.h: No such file or directory
configure:6850: $? = 1
configure: failed program was:
| /* confdefs.h.  */
| #define PACKAGE_NAME "Xenomai"
| #define PACKAGE_TARNAME "xenomai"
| #define PACKAGE_VERSION "2.4.2"
| #define PACKAGE_STRING "Xenomai 2.4.2"
| #define PACKAGE_BUGREPORT "xenomai-help@gna.org"
| #define CONFIG_XENO_BUILD_STRING "i686-pc-linux-gnu"
| #define CONFIG_XENO_HOST_STRING "i686-pc-linux-gnu"
| #define CONFIG_XENO_COMPILER "gcc version 4.3.3 (Ubuntu 4.3.3-5ubuntu4) "
| #define PACKAGE "xenomai"
| #define VERSION "2.4.2"
| #define STDC_HEADERS 1
| #define HAVE_SYS_TYPES_H 1
| #define HAVE_SYS_STAT_H 1
| #define HAVE_STDLIB_H 1
| #define HAVE_STRING_H 1
| #define HAVE_MEMORY_H 1
| #define HAVE_STRINGS_H 1
| #define HAVE_INTTYPES_H 1
| #define HAVE_STDINT_H 1
| #define HAVE_UNISTD_H 1
| #define HAVE_DLFCN_H 1
| /* end confdefs.h.  */
| #include <ac_nonexistent.h>
configure:6883: result: g++ -E
configure:6912: g++ -E  conftest.cpp
configure:6918: $? = 0
configure:6949: g++ -E  conftest.cpp
conftest.cpp:24:28: error: ac_nonexistent.h: No such file or directory
configure:6955: $? = 1
configure: failed program was:
| /* confdefs.h.  */
| #define PACKAGE_NAME "Xenomai"
| #define PACKAGE_TARNAME "xenomai"
| #define PACKAGE_VERSION "2.4.2"
| #define PACKAGE_STRING "Xenomai 2.4.2"
| #define PACKAGE_BUGREPORT "xenomai-help@gna.org"
| #define CONFIG_XENO_BUILD_STRING "i686-pc-linux-gnu"
| #define CONFIG_XENO_HOST_STRING "i686-pc-linux-gnu"
| #define CONFIG_XENO_COMPILER "gcc version 4.3.3 (Ubuntu 4.3.3-5ubuntu4) "
| #define PACKAGE "xenomai"
| #define VERSION "2.4.2"
| #define STDC_HEADERS 1
| #define HAVE_SYS_TYPES_H 1
| #define HAVE_SYS_STAT_H 1
| #define HAVE_STDLIB_H 1
| #define HAVE_STRING_H 1
| #define HAVE_MEMORY_H 1
| #define HAVE_STRINGS_H 1
| #define HAVE_INTTYPES_H 1
| #define HAVE_STDINT_H 1
| #define HAVE_UNISTD_H 1
| #define HAVE_DLFCN_H 1
| /* end confdefs.h.  */
| #include <ac_nonexistent.h>
configure:7048: checking for g77
configure:7078: result: no
configure:7048: checking for xlf
configure:7078: result: no
configure:7048: checking for f77
configure:7078: result: no
configure:7048: checking for frt
configure:7078: result: no
configure:7048: checking for pgf77
configure:7078: result: no
configure:7048: checking for cf77
configure:7078: result: no
configure:7048: checking for fort77
configure:7078: result: no
configure:7048: checking for fl32
configure:7078: result: no
configure:7048: checking for af77
configure:7078: result: no
configure:7048: checking for xlf90
configure:7078: result: no
configure:7048: checking for f90
configure:7078: result: no
configure:7048: checking for pgf90
configure:7078: result: no
configure:7048: checking for pghpf
configure:7078: result: no
configure:7048: checking for epcf90
configure:7078: result: no
configure:7048: checking for gfortran
configure:7078: result: no
configure:7048: checking for g95
configure:7078: result: no
configure:7048: checking for xlf95
configure:7078: result: no
configure:7048: checking for f95
configure:7078: result: no
configure:7048: checking for fort
configure:7078: result: no
configure:7048: checking for ifort
configure:7078: result: no
configure:7048: checking for ifc
configure:7078: result: no
configure:7048: checking for efc
configure:7078: result: no
configure:7048: checking for pgf95
configure:7078: result: no
configure:7048: checking for lf95
configure:7078: result: no
configure:7048: checking for ftn
configure:7078: result: no
configure:7105: checking for Fortran 77 compiler version
configure:7112:  --version >&5
./configure: line 7113: --version: command not found
configure:7115: $? = 127
configure:7122:  -v >&5
./configure: line 7123: -v: command not found
configure:7125: $? = 127
configure:7132:  -V >&5
./configure: line 7133: -V: command not found
configure:7135: $? = 127
configure:7143: checking whether we are using the GNU Fortran 77 compiler
configure:7162:  -c  conftest.F >&5
./configure: line 7163: -c: command not found
configure:7168: $? = 127
configure: failed program was:
|       program main
| #ifndef __GNUC__
|        choke me
| #endif
| 
|       end
configure:7185: result: no
configure:7191: checking whether  accepts -g
configure:7208:  -c -g conftest.f >&5
./configure: line 7209: -c: command not found
configure:7214: $? = 127
configure: failed program was:
|       program main
| 
|       end
configure:7230: result: no
configure:7260: checking the maximum length of command line arguments
configure:7372: result: 1572864
configure:7384: checking command to parse /usr/bin/nm -B output from gcc object
configure:7489: gcc -c   conftest.c >&5
configure:7492: $? = 0
configure:7496: /usr/bin/nm -B conftest.o \| sed -n -e 's/^.*[ 	]\([ABCDGIRSTW][ABCDGIRSTW]*\)[ 	][ 	]*\([_A-Za-z][_A-Za-z0-9]*\)$/\1 \2 \2/p' \> conftest.nm
configure:7499: $? = 0
configure:7551: gcc -o conftest    conftest.c conftstm.o >&5
configure:7554: $? = 0
configure:7592: result: ok
configure:7596: checking for objdir
configure:7611: result: .libs
configure:7703: checking for ar
configure:7719: found /usr/bin/ar
configure:7730: result: ar
configure:7799: checking for ranlib
configure:7815: found /usr/bin/ranlib
configure:7826: result: ranlib
configure:7895: checking for strip
configure:7911: found /usr/bin/strip
configure:7922: result: strip
configure:8208: checking if gcc supports -fno-rtti -fno-exceptions
configure:8226: gcc -c   -fno-rtti -fno-exceptions conftest.c >&5
cc1: warning: command line option "-fno-rtti" is valid for C++/ObjC++ but not for C
configure:8230: $? = 0
configure:8243: result: no
configure:8258: checking for gcc option to produce PIC
configure:8490: result: -fPIC
configure:8498: checking if gcc PIC flag -fPIC works
configure:8516: gcc -c   -fPIC -DPIC conftest.c >&5
configure:8520: $? = 0
configure:8533: result: yes
configure:8561: checking if gcc static flag -static works
configure:8589: result: yes
configure:8599: checking if gcc supports -c -o file.o
configure:8620: gcc -c   -o out/conftest2.o conftest.c >&5
configure:8624: $? = 0
configure:8646: result: yes
configure:8672: checking whether the gcc linker (/usr/bin/ld) supports shared libraries
configure:9653: result: yes
configure:9674: checking whether -lc should be explicitly linked in
configure:9679: gcc -c   conftest.c >&5
configure:9682: $? = 0
configure:9697: gcc -shared conftest.o  -v -Wl,-soname -Wl,conftest -o conftest 2\>\&1 \| grep  -lc  \>/dev/null 2\>\&1
configure:9700: $? = 0
configure:9712: result: no
configure:9720: checking dynamic linker characteristics
configure:10334: result: GNU/Linux ld.so
configure:10343: checking how to hardcode library paths into programs
configure:10368: result: immediate
configure:10382: checking whether stripping libraries is possible
configure:10387: result: yes
configure:11189: checking if libtool supports shared libraries
configure:11191: result: yes
configure:11194: checking whether to build shared libraries
configure:11215: result: yes
configure:11218: checking whether to build static libraries
configure:11222: result: yes
configure:11315: creating libtool
configure:11903: checking for ld used by g++
configure:11970: result: /usr/bin/ld
configure:11979: checking if the linker (/usr/bin/ld) is GNU ld
configure:11994: result: yes
configure:12045: checking whether the g++ linker (/usr/bin/ld) supports shared libraries
configure:13019: result: yes
configure:13037: g++ -c -g -O2  conftest.cpp >&5
configure:13040: $? = 0
configure:13192: checking for g++ option to produce PIC
configure:13476: result: -fPIC
configure:13484: checking if g++ PIC flag -fPIC works
configure:13502: g++ -c -g -O2  -fPIC -DPIC conftest.cpp >&5
configure:13506: $? = 0
configure:13519: result: yes
configure:13547: checking if g++ static flag -static works
configure:13575: result: yes
configure:13585: checking if g++ supports -c -o file.o
configure:13606: g++ -c -g -O2  -o out/conftest2.o conftest.cpp >&5
configure:13610: $? = 0
configure:13632: result: yes
configure:13658: checking whether the g++ linker (/usr/bin/ld) supports shared libraries
configure:13686: result: yes
configure:13753: checking dynamic linker characteristics
configure:14315: result: GNU/Linux ld.so
configure:14324: checking how to hardcode library paths into programs
configure:14349: result: immediate
configure:20555: checking dependency style of gcc
configure:20646: result: gcc3
configure:20665: checking for flex
configure:20695: result: no
configure:20665: checking for lex
configure:20695: result: no
configure:20869: checking for target architecture
configure:20919: result: x86
configure:20933: checking for debug symbols
configure:20943: result: no
configure:20948: checking for SMP support
configure:20958: result: no
configure:20966: checking for x86 SEP instructions in syscalls
configure:20976: result: no
configure:20979: checking for x86 TSC support
configure:20989: result: y
configure:21107: checking whether building Linux in Xenomai build tree
configure:21120: result: no
configure:21288: checking for Doxygen documentation
configure:21309: result: no
configure:21315: checking for doxygen
configure:21345: result: no
configure:21359: checking for dot
configure:21387: result: NO
configure:21414: checking whether compiling Docbook XML documentation
configure:21437: result: no
configure:21456: checking for xmllint
configure:21472: found /usr/bin/xmllint
configure:21483: result: xmllint
configure:21501: checking for xsltproc
configure:21517: found /usr/bin/xsltproc
configure:21528: result: xsltproc
configure:21548: checking for fop.sh
configure:21578: result: no
configure:21593: checking whether Docbook XML documentation generation can use network.
configure:21609: result: no
configure:21619: checking for docbook-xml root dir
configure:21639: result: /usr/share/sgml/docbook/dtd/xml/4.2
configure:21656: checking for docbook-xsl root dir
configure:21676: result: network
configure:21709: checking whether using LaTeX non-stop mode
configure:21719: result: no
configure:21745: checking mqueue.h usability
configure:21762: gcc -c   conftest.c >&5
configure:21768: $? = 0
configure:21782: result: yes
configure:21786: checking mqueue.h presence
configure:21801: gcc -E  conftest.c
configure:21807: $? = 0
configure:21821: result: yes
configure:21854: checking for mqueue.h
configure:21862: result: yes
configure:21947: checking for sched_setaffinity
configure:21975: gcc -o conftest -Wimplicit-function-declaration -Werror -D_GNU_SOURCE   conftest.c  >&5
configure:21981: $? = 0
configure:22051: result: ok
configure:22066: checking for specific GCC switches
configure:22101: gcc -c -Wno-strict-aliasing -Werror  conftest.c >&5
configure:22107: $? = 0
configure:22135: result: done
configure:22172: checking whether ld supports @file
configure:22195: gcc -o conftest   -Wl,@/dev/null conftest.c  >&5
configure:22201: $? = 0
configure:22233: result: yes
configure:22238: checking whether the POSIX skin library automatically calls mlockall
configure:22248: result: no
configure:22258: checking whether the pSOS skin library automatically calls mlockall
configure:22268: result: no
configure:22278: checking whether the uITRON skin library automatically calls mlockall
configure:22288: result: no
configure:22305: checking for shm_open
configure:22361: gcc -o conftest    conftest.c  -lrt >&5
configure:22367: $? = 0
configure:22385: result: yes
configure:22305: checking for shm_unlink
configure:22361: gcc -o conftest    conftest.c  -lrt >&5
configure:22367: $? = 0
configure:22385: result: yes
configure:22601: creating ./config.status

## ---------------------- ##
## Running config.status. ##
## ---------------------- ##

This file was extended by Xenomai config.status 2.4.2, which was
generated by GNU Autoconf 2.61.  Invocation command line was

  CONFIG_FILES    = 
  CONFIG_HEADERS  = 
  CONFIG_LINKS    = 
  CONFIG_COMMANDS = 
  $ ./config.status 

on dc-laptop-ubuntu

config.status:819: creating Makefile
config.status:819: creating config/Makefile
config.status:819: creating scripts/Makefile
config.status:819: creating scripts/xeno-config
config.status:819: creating scripts/xeno-load
config.status:819: creating scripts/xeno-test
config.status:819: creating src/Makefile
config.status:819: creating src/rtdk/Makefile
config.status:819: creating src/skins/Makefile
config.status:819: creating src/skins/posix/Makefile
config.status:819: creating src/skins/native/Makefile
config.status:819: creating src/skins/vxworks/Makefile
config.status:819: creating src/skins/psos+/Makefile
config.status:819: creating src/skins/vrtx/Makefile
config.status:819: creating src/skins/rtdm/Makefile
config.status:819: creating src/skins/rtai/Makefile
config.status:819: creating src/skins/uitron/Makefile
config.status:819: creating src/include/Makefile
config.status:819: creating src/testsuite/Makefile
config.status:819: creating src/testsuite/latency/Makefile
config.status:819: creating src/testsuite/switchbench/Makefile
config.status:819: creating src/testsuite/cyclic/Makefile
config.status:819: creating src/testsuite/switchtest/Makefile
config.status:819: creating src/testsuite/irqbench/Makefile
config.status:819: creating src/testsuite/clocktest/Makefile
config.status:819: creating src/utils/Makefile
config.status:819: creating src/utils/can/Makefile
config.status:819: creating include/Makefile
config.status:819: creating include/asm-generic/Makefile
config.status:819: creating include/asm-generic/bits/Makefile
config.status:819: creating include/asm-blackfin/Makefile
config.status:819: creating include/asm-blackfin/bits/Makefile
config.status:819: creating include/asm-x86/Makefile
config.status:819: creating include/asm-x86/bits/Makefile
config.status:819: creating include/asm-powerpc/Makefile
config.status:819: creating include/asm-powerpc/bits/Makefile
config.status:819: creating include/asm-ia64/Makefile
config.status:819: creating include/asm-ia64/bits/Makefile
config.status:819: creating include/asm-arm/Makefile
config.status:819: creating include/asm-arm/bits/Makefile
config.status:819: creating include/asm-sim/Makefile
config.status:819: creating include/asm-sim/bits/Makefile
config.status:819: creating include/native/Makefile
config.status:819: creating include/nucleus/Makefile
config.status:819: creating include/posix/Makefile
config.status:819: creating include/posix/sys/Makefile
config.status:819: creating include/psos+/Makefile
config.status:819: creating include/rtai/Makefile
config.status:819: creating include/rtdm/Makefile
config.status:819: creating include/uitron/Makefile
config.status:819: creating include/vrtx/Makefile
config.status:819: creating include/vxworks/Makefile
config.status:819: creating doc/Makefile
config.status:819: creating doc/txt/Makefile
config.status:819: creating doc/man/Makefile
config.status:819: creating doc/man/runinfo.man
config.status:819: creating doc/man/xeno-config.man
config.status:819: creating doc/man/xeno-info.man
config.status:819: creating doc/man/xeno-load.man
config.status:819: creating doc/man/xeno-test.man
config.status:819: creating doc/doxygen/Makefile
config.status:819: creating doc/doxygen/Doxyfile-common
config.status:819: creating doc/doxygen/Doxyfile
config.status:819: creating doc/doxygen/Doxyfile-native
config.status:819: creating doc/doxygen/Doxyfile-nucleus
config.status:819: creating doc/doxygen/Doxyfile-posix
config.status:819: creating doc/doxygen/Doxyfile-rtdm
config.status:819: creating doc/docbook/Makefile
config.status:819: creating doc/docbook/catalog
config.status:819: creating doc/docbook/custom-stylesheets/Makefile
config.status:819: creating doc/docbook/custom-stylesheets/xsl/Makefile
config.status:819: creating doc/docbook/custom-stylesheets/xsl/common/Makefile
config.status:819: creating doc/docbook/custom-stylesheets/xsl/fo/Makefile
config.status:819: creating doc/docbook/custom-stylesheets/xsl/html/Makefile
config.status:819: creating doc/docbook/custom-stylesheets/xsl/html/chunk.xsl
config.status:819: creating doc/docbook/custom-stylesheets/xsl/html/onechunk.xsl
config.status:819: creating doc/docbook/xenomai/Makefile
config.status:819: creating src/include/xeno_config.h
config.status:1107: linking ./include/asm-x86 to src/include/asm/xenomai
config.status:1107: linking ./include/asm-generic to src/include/asm-generic/xenomai
config.status:1129: executing depfiles commands

## ---------------- ##
## Cache variables. ##
## ---------------- ##

ac_cv_build=i686-pc-linux-gnu
ac_cv_build_prog_CPP='gcc -E'
ac_cv_build_prog_cc_g=no
ac_cv_c_compiler_gnu=yes
ac_cv_cxx_compiler_gnu=yes
ac_cv_env_CCASFLAGS_set=
ac_cv_env_CCASFLAGS_value=
ac_cv_env_CCAS_set=
ac_cv_env_CCAS_value=
ac_cv_env_CCC_set=
ac_cv_env_CCC_value=
ac_cv_env_CC_set=
ac_cv_env_CC_value=
ac_cv_env_CFLAGS_set=
ac_cv_env_CFLAGS_value=
ac_cv_env_CPPFLAGS_set=
ac_cv_env_CPPFLAGS_value=
ac_cv_env_CPP_set=
ac_cv_env_CPP_value=
ac_cv_env_CXXCPP_set=
ac_cv_env_CXXCPP_value=
ac_cv_env_CXXFLAGS_set=
ac_cv_env_CXXFLAGS_value=
ac_cv_env_CXX_set=
ac_cv_env_CXX_value=
ac_cv_env_F77_set=
ac_cv_env_F77_value=
ac_cv_env_FFLAGS_set=
ac_cv_env_FFLAGS_value=
ac_cv_env_LDFLAGS_set=
ac_cv_env_LDFLAGS_value=
ac_cv_env_LIBS_set=
ac_cv_env_LIBS_value=
ac_cv_env_build_alias_set=
ac_cv_env_build_alias_value=
ac_cv_env_host_alias_set=
ac_cv_env_host_alias_value=
ac_cv_env_target_alias_set=
ac_cv_env_target_alias_value=
ac_cv_f77_compiler_gnu=no
ac_cv_func_shm_open=yes
ac_cv_func_shm_unlink=yes
ac_cv_gcc_wnoalias=yes
ac_cv_header_dlfcn_h=yes
ac_cv_header_inttypes_h=yes
ac_cv_header_memory_h=yes
ac_cv_header_mqueue_h=yes
ac_cv_header_stdc=yes
ac_cv_header_stdint_h=yes
ac_cv_header_stdlib_h=yes
ac_cv_header_string_h=yes
ac_cv_header_strings_h=yes
ac_cv_header_sys_stat_h=yes
ac_cv_header_sys_types_h=yes
ac_cv_header_unistd_h=yes
ac_cv_host=i686-pc-linux-gnu
ac_cv_ld_file_option=yes
ac_cv_objext=o
ac_cv_path_EGREP='/bin/grep -E'
ac_cv_path_GREP=/bin/grep
ac_cv_path_install='/usr/bin/install -c'
ac_cv_path_mkdir=/bin/mkdir
ac_cv_prog_AWK=mawk
ac_cv_prog_CPP='gcc -E'
ac_cv_prog_CXXCPP='g++ -E'
ac_cv_prog_DBX_LINT=xmllint
ac_cv_prog_DBX_XSLTPROC=xsltproc
ac_cv_prog_DOXYGEN_HAVE_DOT=NO
ac_cv_prog_ac_ct_AR=ar
ac_cv_prog_ac_ct_CC=gcc
ac_cv_prog_ac_ct_CC_FOR_BUILD=gcc
ac_cv_prog_ac_ct_CXX=g++
ac_cv_prog_ac_ct_RANLIB=ranlib
ac_cv_prog_ac_ct_STRIP=strip
ac_cv_prog_cc_c89=
ac_cv_prog_cc_g=yes
ac_cv_prog_cxx_g=yes
ac_cv_prog_f77_g=no
ac_cv_prog_make_make_set=yes
ac_cv_sched_setaffinity=new
ac_cv_target=i686-pc-linux-gnu
am_cv_CCAS_dependencies_compiler_type=gcc3
am_cv_CC_dependencies_compiler_type=gcc3
am_cv_CXX_dependencies_compiler_type=gcc3
lt_cv_deplibs_check_method=pass_all
lt_cv_file_magic_cmd='$MAGIC_CMD'
lt_cv_file_magic_test_file=
lt_cv_ld_reload_flag=-r
lt_cv_objdir=.libs
lt_cv_path_LD=/usr/bin/ld
lt_cv_path_LDCXX=/usr/bin/ld
lt_cv_path_NM='/usr/bin/nm -B'
lt_cv_path_SED=/bin/sed
lt_cv_prog_compiler_c_o=yes
lt_cv_prog_compiler_c_o_CXX=yes
lt_cv_prog_compiler_rtti_exceptions=no
lt_cv_prog_gnu_ld=yes
lt_cv_prog_gnu_ldcxx=yes
lt_cv_sys_global_symbol_pipe='sed -n -e '\''s/^.*[ 	]\([ABCDGIRSTW][ABCDGIRSTW]*\)[ 	][ 	]*\([_A-Za-z][_A-Za-z0-9]*\)$/\1 \2 \2/p'\'''
lt_cv_sys_global_symbol_to_c_name_address='sed -n -e '\''s/^: \([^ ]*\) $/  {\"\1\", (lt_ptr) 0},/p'\'' -e '\''s/^[BCDEGRST] \([^ ]*\) \([^ ]*\)$/  {"\2", (lt_ptr) \&\2},/p'\'''
lt_cv_sys_global_symbol_to_cdecl='sed -n -e '\''s/^. .* \(.*\)$/extern int \1;/p'\'''
lt_cv_sys_max_cmd_len=1572864
lt_lt_cv_prog_compiler_c_o='"yes"'
lt_lt_cv_prog_compiler_c_o_CXX='"yes"'
lt_lt_cv_sys_global_symbol_pipe='"sed -n -e '\''s/^.*[ 	]\\([ABCDGIRSTW][ABCDGIRSTW]*\\)[ 	][ 	]*\\([_A-Za-z][_A-Za-z0-9]*\\)\$/\\1 \\2 \\2/p'\''"'
lt_lt_cv_sys_global_symbol_to_c_name_address='"sed -n -e '\''s/^: \\([^ ]*\\) \$/  {\\\"\\1\\\", (lt_ptr) 0},/p'\'' -e '\''s/^[BCDEGRST] \\([^ ]*\\) \\([^ ]*\\)\$/  {\"\\2\", (lt_ptr) \\&\\2},/p'\''"'
lt_lt_cv_sys_global_symbol_to_cdecl='"sed -n -e '\''s/^. .* \\(.*\\)\$/extern int \\1;/p'\''"'

## ----------------- ##
## Output variables. ##
## ----------------- ##

ACLOCAL='${SHELL} /home/dc/svn/libbarrett/dependencies/xenomai-2.4.2/config/missing --run aclocal-1.10'
ADEOS_PATCH=''
AMDEPBACKSLASH='\'
AMDEP_FALSE='#'
AMDEP_TRUE=''
AMTAR='${SHELL} /home/dc/svn/libbarrett/dependencies/xenomai-2.4.2/config/missing --run tar'
AR='ar'
AUTOCONF='${SHELL} /home/dc/svn/libbarrett/dependencies/xenomai-2.4.2/config/missing --run autoconf'
AUTOHEADER='${SHELL} /home/dc/svn/libbarrett/dependencies/xenomai-2.4.2/config/missing --run autoheader'
AUTOMAKE='${SHELL} /home/dc/svn/libbarrett/dependencies/xenomai-2.4.2/config/missing --run automake-1.10'
AWK='mawk'
BUILD_EXEEXT=''
BUILD_OBJEXT=''
CC='gcc'
CC='gcc'
CCAS='gcc'
CCASDEPMODE='depmode=gcc3'
CCASFLAGS=''
CCDEPMODE='depmode=gcc3'
CC_FOR_BUILD='gcc'
CFLAGS=''
CFLAGS=''
CFLAGS_FOR_BUILD='-O2'
CONFIG_STATUS_DEPENDENCIES='$(top_srcdir)/src/skins/posix/posix.wrappers'
CONFIG_XENO_DOC_DOX_FALSE=''
CONFIG_XENO_DOC_DOX_TRUE='#'
CPP='gcc -E'
CPP='gcc -E'
CPPFLAGS=''
CPPFLAGS=''
CPPFLAGS=''
CPPFLAGS_FOR_BUILD=''
CPP_FOR_BUILD='gcc -E'
CXX='g++'
CXXCPP='g++ -E'
CXXDEPMODE='depmode=gcc3'
CXXFLAGS='-g -O2'
CYGPATH_W='echo'
DBX_ABS_SRCDIR_FALSE=''
DBX_ABS_SRCDIR_TRUE='#'
DBX_DOC_FALSE=''
DBX_DOC_ROOT='doc/docbook'
DBX_DOC_TRUE='#'
DBX_FOP=''
DBX_GEN_DOC_ROOT='doc/generated'
DBX_LINT='xmllint'
DBX_MAYBE_NONET='--nonet'
DBX_ROOT='file:///usr/share/sgml/docbook/dtd/xml/4.2'
DBX_XSLTPROC='xsltproc'
DBX_XSL_ROOT='http://http://docbook.sourceforge.net/release/xsl/current'
DEFS='-DHAVE_CONFIG_H'
DEPDIR='.deps'
DOXYGEN=''
DOXYGEN_HAVE_DOT='NO'
DOXYGEN_SHOW_INCLUDE_FILES='YES'
ECHO='echo'
ECHO_C=''
ECHO_N='-n'
ECHO_T=''
EGREP='/bin/grep -E'
EXEEXT=''
F77=''
FFLAGS=''
GREP='/bin/grep'
INSTALL_DATA='${INSTALL} -m 644'
INSTALL_PROGRAM='${INSTALL}'
INSTALL_SCRIPT='${INSTALL}'
INSTALL_STRIP_PROGRAM='$(install_sh) -c -s'
LATEX_BATCHMODE='YES'
LATEX_MODE='batchmode'
LDFLAGS=''
LD_FILE_OPTION='yes'
LEX='${SHELL} /home/dc/svn/libbarrett/dependencies/xenomai-2.4.2/config/missing --run flex'
LEXLIB=''
LEX_OUTPUT_ROOT=''
LIBOBJS=''
LIBS=''
LIBTOOL='$(SHELL) $(top_builddir)/libtool'
LNDIR=''
LN_S='ln -s'
LTLIBOBJS=''
MAINT='#'
MAINTAINER_MODE_FALSE=''
MAINTAINER_MODE_TRUE='#'
MAKEINFO='${SHELL} /home/dc/svn/libbarrett/dependencies/xenomai-2.4.2/config/missing --run makeinfo'
OBJEXT='o'
PACKAGE='xenomai'
PACKAGE_BUGREPORT='xenomai-help@gna.org'
PACKAGE_NAME='Xenomai'
PACKAGE_STRING='Xenomai 2.4.2'
PACKAGE_TARNAME='xenomai'
PACKAGE_VERSION='2.4.2'
PATH_SEPARATOR=':'
RANLIB='ranlib'
SED='/bin/sed'
SET_MAKE=''
SHELL='/bin/bash'
STRIP='strip'
VERSION='2.4.2'
XENO_BUILD_LINUX_FALSE=''
XENO_BUILD_LINUX_TRUE='#'
XENO_BUILD_STRING='i686-pc-linux-gnu'
XENO_HOST_STRING='i686-pc-linux-gnu'
XENO_LINUX_ALL_TARGETS=''
XENO_LINUX_ARCH='i386'
XENO_LINUX_ARCH_I386_FALSE='#'
XENO_LINUX_ARCH_I386_TRUE=''
XENO_LINUX_IMAGE=''
XENO_LINUX_INSTALL_TARGET='install'
XENO_MAYBE_DOCDIR='doc'
XENO_POSIX_WRAPPERS='-Wl,@/home/dc/svn/libbarrett/dependencies/xenomai-2.4.2/src/skins/posix/posix.wrappers'
XENO_TARGET_ARCH='x86'
XENO_USER_APP_CFLAGS='-D_GNU_SOURCE -D_REENTRANT'
XENO_USER_APP_LDFLAGS=''
XENO_USER_CFLAGS='-O2 -D_GNU_SOURCE -D_REENTRANT -Wall -pipe -fstrict-aliasing -Wno-strict-aliasing -D__XENO__ -D__IN_XENO__ -Wstrict-prototypes'
XENO_USER_LDFLAGS=''
ac_ct_CC='gcc'
ac_ct_CC_FOR_BUILD='gcc'
ac_ct_CXX='g++'
ac_ct_F77=''
am__fastdepCCAS_FALSE='#'
am__fastdepCCAS_TRUE=''
am__fastdepCC_FALSE='#'
am__fastdepCC_TRUE=''
am__fastdepCXX_FALSE='#'
am__fastdepCXX_TRUE=''
am__include='include'
am__isrc=''
am__leading_dot='.'
am__quote=''
am__tar='${AMTAR} chof - "$$tardir"'
am__untar='${AMTAR} xf -'
bindir='${exec_prefix}/bin'
build='i686-pc-linux-gnu'
build_alias=''
build_cpu='i686'
build_os='linux-gnu'
build_vendor='pc'
datadir='${datarootdir}'
datarootdir='${prefix}/share'
docdir='${datarootdir}/doc/${PACKAGE_TARNAME}'
dvidir='${docdir}'
exec_prefix='${prefix}'
host='i686-pc-linux-gnu'
host_alias=''
host_cpu='i686'
host_os='linux-gnu'
host_vendor='pc'
htmldir='${docdir}'
includedir='${prefix}/include'
infodir='${datarootdir}/info'
install_sh='$(SHELL) /home/dc/svn/libbarrett/dependencies/xenomai-2.4.2/config/install-sh'
libdir='${exec_prefix}/lib'
libexecdir='${exec_prefix}/libexec'
localedir='${datarootdir}/locale'
localstatedir='${prefix}/var'
mandir='${datarootdir}/man'
mkdir_p='/bin/mkdir -p'
oldincludedir='/usr/include'
pdfdir='${docdir}'
prefix='/usr/xenomai'
program_transform_name='s,x,x,'
psdir='${docdir}'
sbindir='${exec_prefix}/sbin'
sharedstatedir='${prefix}/com'
sysconfdir='${prefix}/etc'
target='i686-pc-linux-gnu'
target_alias=''
target_cpu='i686'
target_os='linux-gnu'
target_vendor='pc'

## ----------- ##
## confdefs.h. ##
## ----------- ##

#define PACKAGE_NAME "Xenomai"
#define PACKAGE_TARNAME "xenomai"
#define PACKAGE_VERSION "2.4.2"
#define PACKAGE_STRING "Xenomai 2.4.2"
#define PACKAGE_BUGREPORT "xenomai-help@gna.org"
#define CONFIG_XENO_BUILD_STRING "i686-pc-linux-gnu"
#define CONFIG_XENO_HOST_STRING "i686-pc-linux-gnu"
#define CONFIG_XENO_COMPILER "gcc version 4.3.3 (Ubuntu 4.3.3-5ubuntu4) "
#define PACKAGE "xenomai"
#define VERSION "2.4.2"
#define STDC_HEADERS 1
#define HAVE_SYS_TYPES_H 1
#define HAVE_SYS_STAT_H 1
#define HAVE_STDLIB_H 1
#define HAVE_STRING_H 1
#define HAVE_MEMORY_H 1
#define HAVE_STRINGS_H 1
#define HAVE_INTTYPES_H 1
#define HAVE_STDINT_H 1
#define HAVE_UNISTD_H 1
#define HAVE_DLFCN_H 1
#define HAVE_MQUEUE_H 1
#define CONFIG_XENO_VERSION_MAJOR 2
#define CONFIG_XENO_VERSION_MINOR 4
#define CONFIG_XENO_REVISION_LEVEL 2
#define CONFIG_X86_TSC 1
#define HAVE_RECENT_SETAFFINITY 1
#define HAVE_SHM_OPEN 1
#define HAVE_SHM_UNLINK 1

configure: exit 0
